This file contains any messages produced by compilers while
running configure, to aid debugging if configure makes a mistake.

It was created by OpenFst configure 1.6.5, which was
generated by GNU Autoconf 2.69.  Invocation command line was

  $ /workspaces/wenet_docker/wenet/runtime/server/x86/fc_base/openfst-src/configure --prefix=/workspaces/wenet_docker/wenet/runtime/server/x86/fc_base/openfst-subbuild/openfst-populate-prefix CPPFLAGS=-I/workspaces/wenet_docker/wenet/runtime/server/x86/fc_base/gflags-build/include -I/workspaces/wenet_docker/wenet/runtime/server/x86/fc_base/glog-src/src -I/workspaces/wenet_docker/wenet/runtime/server/x86/fc_base/glog-build -D_GLIBCXX_USE_CXX11_ABI=0 LDFLAGS=-L/workspaces/wenet_docker/wenet/runtime/server/x86/fc_base/gflags-build -L/workspaces/wenet_docker/wenet/runtime/server/x86/fc_base/glog-build LIBS=-lgflags_nothreads -lglog -lpthread

## --------- ##
## Platform. ##
## --------- ##

hostname = acae327edc12
uname -m = x86_64
uname -r = 5.3.0-62-generic
uname -s = Linux
uname -v = #56~18.04.1-Ubuntu SMP Wed Jun 24 16:17:03 UTC 2020

/usr/bin/uname -p = x86_64
/bin/uname -X     = unknown

/bin/arch              = x86_64
/usr/bin/arch -k       = unknown
/usr/convex/getsysinfo = unknown
/usr/bin/hostinfo      = unknown
/bin/machine           = unknown
/usr/bin/oslevel       = unknown
/bin/universe          = unknown

PATH: /vscode/vscode-server/bin/linux-x64/30d9c6cd9483b2cc586687151bcbcd635f373630/bin/remote-cli
PATH: /usr/local/sbin
PATH: /usr/local/bin
PATH: /usr/sbin
PATH: /usr/bin
PATH: /sbin
PATH: /bin
PATH: /home/vscode/.local/bin


## ----------- ##
## Core tests. ##
## ----------- ##

configure:2369: checking for a BSD-compatible install
configure:2437: result: /usr/bin/install -c
configure:2448: checking whether build environment is sane
configure:2503: result: yes
configure:2652: checking for a thread-safe mkdir -p
configure:2691: result: /usr/bin/mkdir -p
configure:2698: checking for gawk
configure:2728: result: no
configure:2698: checking for mawk
configure:2714: found /usr/bin/mawk
configure:2725: result: mawk
configure:2736: checking whether make sets $(MAKE)
configure:2758: result: yes
configure:2787: checking whether make supports nested variables
configure:2804: result: yes
configure:2941: checking for style of include used by make
configure:2969: result: GNU
configure:3040: checking for gcc
configure:3056: found /usr/bin/gcc
configure:3067: result: gcc
configure:3296: checking for C compiler version
configure:3305: gcc --version >&5
gcc (Ubuntu 9.4.0-1ubuntu1~20.04.1) 9.4.0
Copyright (C) 2019 Free Software Foundation, Inc.
This is free software; see the source for copying conditions.  There is NO
warranty; not even for MERCHANTABILITY or FITNESS FOR A PARTICULAR PURPOSE.

configure:3316: $? = 0
configure:3305: gcc -v >&5
Using built-in specs.
COLLECT_GCC=gcc
COLLECT_LTO_WRAPPER=/usr/lib/gcc/x86_64-linux-gnu/9/lto-wrapper
OFFLOAD_TARGET_NAMES=nvptx-none:hsa
OFFLOAD_TARGET_DEFAULT=1
Target: x86_64-linux-gnu
Configured with: ../src/configure -v --with-pkgversion='Ubuntu 9.4.0-1ubuntu1~20.04.1' --with-bugurl=file:///usr/share/doc/gcc-9/README.Bugs --enable-languages=c,ada,c++,go,brig,d,fortran,objc,obj-c++,gm2 --prefix=/usr --with-gcc-major-version-only --program-suffix=-9 --program-prefix=x86_64-linux-gnu- --enable-shared --enable-linker-build-id --libexecdir=/usr/lib --without-included-gettext --enable-threads=posix --libdir=/usr/lib --enable-nls --enable-clocale=gnu --enable-libstdcxx-debug --enable-libstdcxx-time=yes --with-default-libstdcxx-abi=new --enable-gnu-unique-object --disable-vtable-verify --enable-plugin --enable-default-pie --with-system-zlib --with-target-system-zlib=auto --enable-objc-gc=auto --enable-multiarch --disable-werror --with-arch-32=i686 --with-abi=m64 --with-multilib-list=m32,m64,mx32 --enable-multilib --with-tune=generic --enable-offload-targets=nvptx-none=/build/gcc-9-Av3uEd/gcc-9-9.4.0/debian/tmp-nvptx/usr,hsa --without-cuda-driver --enable-checking=release --build=x86_64-linux-gnu --host=x86_64-linux-gnu --target=x86_64-linux-gnu
Thread model: posix
gcc version 9.4.0 (Ubuntu 9.4.0-1ubuntu1~20.04.1) 
configure:3316: $? = 0
configure:3305: gcc -V >&5
gcc: error: unrecognized command line option '-V'
gcc: fatal error: no input files
compilation terminated.
configure:3316: $? = 1
configure:3305: gcc -qversion >&5
gcc: error: unrecognized command line option '-qversion'; did you mean '--version'?
gcc: fatal error: no input files
compilation terminated.
configure:3316: $? = 1
configure:3336: checking whether the C compiler works
configure:3358: gcc  -I/workspaces/wenet_docker/wenet/runtime/server/x86/fc_base/gflags-build/include -I/workspaces/wenet_docker/wenet/runtime/server/x86/fc_base/glog-src/src -I/workspaces/wenet_docker/wenet/runtime/server/x86/fc_base/glog-build -D_GLIBCXX_USE_CXX11_ABI=0 -L/workspaces/wenet_docker/wenet/runtime/server/x86/fc_base/gflags-build -L/workspaces/wenet_docker/wenet/runtime/server/x86/fc_base/glog-build conftest.c -lgflags_nothreads -lglog -lpthread >&5
/usr/bin/ld: cannot find -lgflags_nothreads
/usr/bin/ld: cannot find -lglog
collect2: error: ld returned 1 exit status
configure:3362: $? = 1
configure:3400: result: no
configure: failed program was:
| /* confdefs.h */
| #define PACKAGE_NAME "OpenFst"
| #define PACKAGE_TARNAME "openfst"
| #define PACKAGE_VERSION "1.6.5"
| #define PACKAGE_STRING "OpenFst 1.6.5"
| #define PACKAGE_BUGREPORT "help@www.openfst.org"
| #define PACKAGE_URL ""
| #define PACKAGE "openfst"
| #define VERSION "1.6.5"
| /* end confdefs.h.  */
| 
| int
| main ()
| {
| 
|   ;
|   return 0;
| }
configure:3405: error: in `/workspaces/wenet_docker/wenet/runtime/server/x86/fc_base/openfst-build':
configure:3407: error: C compiler cannot create executables
See `config.log' for more details

## ---------------- ##
## Cache variables. ##
## ---------------- ##

ac_cv_env_CCC_set=
ac_cv_env_CCC_value=
ac_cv_env_CC_set=
ac_cv_env_CC_value=
ac_cv_env_CFLAGS_set=
ac_cv_env_CFLAGS_value=
ac_cv_env_CPPFLAGS_set=set
ac_cv_env_CPPFLAGS_value='-I/workspaces/wenet_docker/wenet/runtime/server/x86/fc_base/gflags-build/include -I/workspaces/wenet_docker/wenet/runtime/server/x86/fc_base/glog-src/src -I/workspaces/wenet_docker/wenet/runtime/server/x86/fc_base/glog-build -D_GLIBCXX_USE_CXX11_ABI=0'
ac_cv_env_CPP_set=
ac_cv_env_CPP_value=
ac_cv_env_CXXCPP_set=
ac_cv_env_CXXCPP_value=
ac_cv_env_CXXFLAGS_set=
ac_cv_env_CXXFLAGS_value=
ac_cv_env_CXX_set=
ac_cv_env_CXX_value=
ac_cv_env_LDFLAGS_set=set
ac_cv_env_LDFLAGS_value='-L/workspaces/wenet_docker/wenet/runtime/server/x86/fc_base/gflags-build -L/workspaces/wenet_docker/wenet/runtime/server/x86/fc_base/glog-build'
ac_cv_env_LIBS_set=set
ac_cv_env_LIBS_value='-lgflags_nothreads -lglog -lpthread'
ac_cv_env_PYTHON_VERSION_set=
ac_cv_env_PYTHON_VERSION_value=
ac_cv_env_PYTHON_set=
ac_cv_env_PYTHON_value=
ac_cv_env_build_alias_set=
ac_cv_env_build_alias_value=
ac_cv_env_host_alias_set=
ac_cv_env_host_alias_value=
ac_cv_env_target_alias_set=
ac_cv_env_target_alias_value=
ac_cv_path_install='/usr/bin/install -c'
ac_cv_path_mkdir=/usr/bin/mkdir
ac_cv_prog_AWK=mawk
ac_cv_prog_ac_ct_CC=gcc
ac_cv_prog_make_make_set=yes
am_cv_make_support_nested_variables=yes

## ----------------- ##
## Output variables. ##
## ----------------- ##

ACLOCAL='${SHELL} /workspaces/wenet_docker/wenet/runtime/server/x86/fc_base/openfst-src/missing aclocal-1.14'
AMDEPBACKSLASH='\'
AMDEP_FALSE='#'
AMDEP_TRUE=''
AMTAR='$${TAR-tar}'
AM_BACKSLASH='\'
AM_DEFAULT_V='$(AM_DEFAULT_VERBOSITY)'
AM_DEFAULT_VERBOSITY='1'
AM_V='$(V)'
AR=''
AUTOCONF='${SHELL} /workspaces/wenet_docker/wenet/runtime/server/x86/fc_base/openfst-src/missing autoconf'
AUTOHEADER='${SHELL} /workspaces/wenet_docker/wenet/runtime/server/x86/fc_base/openfst-src/missing autoheader'
AUTOMAKE='${SHELL} /workspaces/wenet_docker/wenet/runtime/server/x86/fc_base/openfst-src/missing automake-1.14'
AWK='mawk'
CC='gcc'
CCDEPMODE=''
CFLAGS=''
CPP=''
CPPFLAGS='-I/workspaces/wenet_docker/wenet/runtime/server/x86/fc_base/gflags-build/include -I/workspaces/wenet_docker/wenet/runtime/server/x86/fc_base/glog-src/src -I/workspaces/wenet_docker/wenet/runtime/server/x86/fc_base/glog-build -D_GLIBCXX_USE_CXX11_ABI=0'
CXX=''
CXXCPP=''
CXXDEPMODE=''
CXXFLAGS=''
CYGPATH_W='echo'
DEFS=''
DEPDIR='.deps'
DLLTOOL=''
DL_LIBS=''
DSYMUTIL=''
DUMPBIN=''
ECHO_C=''
ECHO_N='-n'
ECHO_T=''
EGREP=''
EXEEXT=''
FGREP=''
GREP=''
HAVE_BIN_FALSE=''
HAVE_BIN_TRUE=''
HAVE_COMPACT_FALSE=''
HAVE_COMPACT_TRUE=''
HAVE_COMPRESS_FALSE=''
HAVE_COMPRESS_TRUE=''
HAVE_CONST_FALSE=''
HAVE_CONST_TRUE=''
HAVE_FAR_FALSE=''
HAVE_FAR_TRUE=''
HAVE_GRM_FALSE=''
HAVE_GRM_TRUE=''
HAVE_LINEAR_FALSE=''
HAVE_LINEAR_TRUE=''
HAVE_LOOKAHEAD_FALSE=''
HAVE_LOOKAHEAD_TRUE=''
HAVE_MPDT_FALSE=''
HAVE_MPDT_TRUE=''
HAVE_NGRAM_FALSE=''
HAVE_NGRAM_TRUE=''
HAVE_PDT_FALSE=''
HAVE_PDT_TRUE=''
HAVE_PYTHON_FALSE=''
HAVE_PYTHON_TRUE=''
HAVE_SCRIPT_FALSE=''
HAVE_SCRIPT_TRUE=''
HAVE_SPECIAL_FALSE=''
HAVE_SPECIAL_TRUE=''
INSTALL_DATA='${INSTALL} -m 644'
INSTALL_PROGRAM='${INSTALL}'
INSTALL_SCRIPT='${INSTALL}'
INSTALL_STRIP_PROGRAM='$(install_sh) -c -s'
LD=''
LDFLAGS='-L/workspaces/wenet_docker/wenet/runtime/server/x86/fc_base/gflags-build -L/workspaces/wenet_docker/wenet/runtime/server/x86/fc_base/glog-build'
LIBOBJS=''
LIBS='-lgflags_nothreads -lglog -lpthread'
LIBTOOL=''
LIPO=''
LN_S=''
LTLIBOBJS=''
MAKEINFO='${SHELL} /workspaces/wenet_docker/wenet/runtime/server/x86/fc_base/openfst-src/missing makeinfo'
MANIFEST_TOOL=''
MKDIR_P='/usr/bin/mkdir -p'
NM=''
NMEDIT=''
OBJDUMP=''
OBJEXT=''
OTOOL64=''
OTOOL=''
PACKAGE='openfst'
PACKAGE_BUGREPORT='help@www.openfst.org'
PACKAGE_NAME='OpenFst'
PACKAGE_STRING='OpenFst 1.6.5'
PACKAGE_TARNAME='openfst'
PACKAGE_URL=''
PACKAGE_VERSION='1.6.5'
PATH_SEPARATOR=':'
PYTHON=''
PYTHON_CPPFLAGS=''
PYTHON_EXEC_PREFIX=''
PYTHON_EXTRA_LDFLAGS=''
PYTHON_EXTRA_LIBS=''
PYTHON_LDFLAGS=''
PYTHON_PLATFORM=''
PYTHON_PREFIX=''
PYTHON_SITE_PKG=''
PYTHON_VERSION=''
RANLIB=''
SED=''
SET_MAKE=''
SHELL='/bin/bash'
STRIP=''
VERSION='1.6.5'
ac_ct_AR=''
ac_ct_CC='gcc'
ac_ct_CXX=''
ac_ct_DUMPBIN=''
am__EXEEXT_FALSE=''
am__EXEEXT_TRUE=''
am__fastdepCC_FALSE=''
am__fastdepCC_TRUE=''
am__fastdepCXX_FALSE=''
am__fastdepCXX_TRUE=''
am__include='include'
am__isrc=' -I$(srcdir)'
am__leading_dot='.'
am__nodep='_no'
am__quote=''
am__tar='$${TAR-tar} chof - "$$tardir"'
am__untar='$${TAR-tar} xf -'
bindir='${exec_prefix}/bin'
build=''
build_alias=''
build_cpu=''
build_os=''
build_vendor=''
datadir='${datarootdir}'
datarootdir='${prefix}/share'
docdir='${datarootdir}/doc/${PACKAGE_TARNAME}'
dvidir='${docdir}'
exec_prefix='NONE'
host=''
host_alias=''
host_cpu=''
host_os=''
host_vendor=''
htmldir='${docdir}'
includedir='${prefix}/include'
infodir='${datarootdir}/info'
install_sh='${SHELL} /workspaces/wenet_docker/wenet/runtime/server/x86/fc_base/openfst-src/install-sh'
libdir='${exec_prefix}/lib'
libexecdir='${exec_prefix}/libexec'
libfstdir=''
localedir='${datarootdir}/locale'
localstatedir='${prefix}/var'
mandir='${datarootdir}/man'
mkdir_p='$(MKDIR_P)'
oldincludedir='/usr/include'
pdfdir='${docdir}'
pkgpyexecdir=''
pkgpythondir=''
prefix='/workspaces/wenet_docker/wenet/runtime/server/x86/fc_base/openfst-subbuild/openfst-populate-prefix'
program_transform_name='s,x,x,'
psdir='${docdir}'
pyexecdir=''
pythondir=''
sbindir='${exec_prefix}/sbin'
sharedstatedir='${prefix}/com'
sysconfdir='${prefix}/etc'
target_alias=''

## ----------- ##
## confdefs.h. ##
## ----------- ##

/* confdefs.h */
#define PACKAGE_NAME "OpenFst"
#define PACKAGE_TARNAME "openfst"
#define PACKAGE_VERSION "1.6.5"
#define PACKAGE_STRING "OpenFst 1.6.5"
#define PACKAGE_BUGREPORT "help@www.openfst.org"
#define PACKAGE_URL ""
#define PACKAGE "openfst"
#define VERSION "1.6.5"

configure: exit 77
